2026-04-13 23:00:01,094 - INFO - Successfully loaded config.json
2026-04-13 23:00:01,096 - INFO - Analyzing Payload: https://bit.ly/3xZqy8v
2026-04-13 23:00:01,104 - INFO - Analyzing Payload: https://bit.ly/3xZqy8v
2026-04-13 23:00:01,106 - INFO - Analyzing Payload: https://bit.ly/3xZqy8v
2026-04-13 23:00:01,107 - INFO - Analyzing Payload: https://bit.ly/3xZqy8v
2026-04-13 23:00:01,109 - INFO - Analyzing Payload: https://bit.ly/3xZqy8v
2026-04-13 23:00:01,111 - INFO - Analyzing Payload: https://bit.ly/3xZqy8v
2026-04-13 23:00:01,113 - INFO - Analyzing Payload: https://bit.ly/3xZqy8v
2026-04-13 23:00:01,115 - INFO - Analyzing Payload: https://bit.ly/3xZqy8v
2026-04-13 23:00:01,118 - INFO - Analyzing Payload: https://bit.ly/3xZqy8v
2026-04-13 23:00:01,119 - INFO - Analyzing Payload: https://bit.ly/3xZqy8v
2026-04-13 23:00:01,121 - INFO - Analyzing Payload: https://bit.ly/3xZqy8v
2026-04-13 23:00:01,123 - INFO - Analyzing Payload: https://bit.ly/3xZqy8v
2026-04-13 23:00:01,125 - INFO - Analyzing Payload: https://bit.ly/3xZqy8v
2026-04-13 23:00:01,126 - INFO - Analyzing Payload: https://bit.ly/3xZqy8v
2026-04-13 23:00:01,128 - INFO - Analyzing Payload: https://bit.ly/3xZqy8v
2026-04-13 23:00:01,130 - INFO - Analyzing Payload: https://bit.ly/3xZqy8v
2026-04-13 23:00:01,132 - INFO - Analyzing Payload: https://bit.ly/3xZqy8v
2026-04-13 23:00:01,134 - INFO - Analyzing Payload: https://bit.ly/3xZqy8v
2026-04-13 23:00:01,136 - INFO - Analyzing Payload: https://bit.ly/3xZqy8v
2026-04-13 23:00:01,138 - INFO - Analyzing Payload: https://bit.ly/3xZqy8v
2026-04-13 23:00:01,139 - INFO - Analyzing Payload: https://bit.ly/3xZqy8v
2026-04-13 23:00:01,141 - INFO - Analyzing Payload: https://bit.ly/3xZqy8v
2026-04-13 23:00:01,143 - INFO - Analyzing Payload: https://bit.ly/3xZqy8v
2026-04-13 23:00:01,145 - INFO - Analyzing Payload: https://bit.ly/3xZqy8v
2026-04-13 23:00:01,147 - INFO - Analyzing Payload: https://bit.ly/3xZqy8v
2026-04-13 23:00:01,149 - INFO - Analyzing Payload: https://bit.ly/3xZqy8v
2026-04-13 23:00:01,151 - INFO - Analyzing Payload: https://bit.ly/3xZqy8v
2026-04-13 23:00:01,153 - INFO - Analyzing Payload: https://bit.ly/3xZqy8v
2026-04-13 23:00:01,155 - INFO - Analyzing Payload: https://bit.ly/3xZqy8v
2026-04-13 23:00:01,156 - INFO - Analyzing Payload: https://bit.ly/3xZqy8v
2026-04-13 23:04:59,122 - INFO - Successfully loaded config.json
2026-04-13 23:04:59,123 - INFO - Analyzing Payload: https://bit.ly/3xZqy8v
2026-04-13 23:04:59,127 - INFO - Analyzing Payload: https://bit.ly/3xZqy8v
2026-04-13 23:04:59,128 - INFO - Analyzing Payload: https://bit.ly/3xZqy8v
2026-04-13 23:04:59,130 - INFO - Analyzing Payload: https://bit.ly/3xZqy8v
2026-04-13 23:04:59,132 - INFO - Analyzing Payload: https://bit.ly/3xZqy8v
2026-04-13 23:04:59,133 - INFO - Analyzing Payload: https://bit.ly/3xZqy8v
2026-04-13 23:04:59,135 - INFO - Analyzing Payload: https://bit.ly/3xZqy8v
2026-04-13 23:04:59,137 - INFO - Analyzing Payload: https://bit.ly/3xZqy8v
2026-04-13 23:04:59,139 - INFO - Analyzing Payload: https://bit.ly/3xZqy8v
2026-04-13 23:04:59,140 - INFO - Analyzing Payload: https://bit.ly/3xZqy8v
2026-04-13 23:04:59,142 - INFO - Analyzing Payload: https://bit.ly/3xZqy8v
2026-04-13 23:04:59,144 - INFO - Analyzing Payload: https://bit.ly/3xZqy8v
2026-04-13 23:04:59,145 - INFO - Analyzing Payload: https://bit.ly/3xZqy8v
2026-04-13 23:04:59,147 - INFO - Analyzing Payload: https://bit.ly/3xZqy8v
2026-04-13 23:04:59,149 - INFO - Analyzing Payload: https://bit.ly/3xZqy8v
2026-04-13 23:04:59,151 - INFO - Analyzing Payload: https://bit.ly/3xZqy8v
2026-04-13 23:04:59,152 - INFO - Analyzing Payload: https://bit.ly/3xZqy8v
2026-04-13 23:04:59,154 - INFO - Analyzing Payload: https://bit.ly/3xZqy8v
2026-04-13 23:04:59,156 - INFO - Analyzing Payload: https://bit.ly/3xZqy8v
2026-04-13 23:04:59,157 - INFO - Analyzing Payload: https://bit.ly/3xZqy8v
2026-04-13 23:04:59,159 - INFO - Analyzing Payload: https://bit.ly/3xZqy8v
2026-04-13 23:04:59,161 - INFO - Analyzing Payload: https://bit.ly/3xZqy8v
2026-04-13 23:04:59,163 - INFO - Analyzing Payload: https://bit.ly/3xZqy8v
2026-04-13 23:04:59,165 - INFO - Analyzing Payload: https://bit.ly/3xZqy8v
2026-04-13 23:04:59,167 - INFO - Analyzing Payload: https://bit.ly/3xZqy8v
2026-04-13 23:04:59,169 - INFO - Analyzing Payload: https://bit.ly/3xZqy8v
2026-04-13 23:04:59,170 - INFO - Analyzing Payload: https://bit.ly/3xZqy8v
2026-04-13 23:04:59,173 - INFO - Analyzing Payload: https://bit.ly/3xZqy8v
2026-04-13 23:04:59,174 - INFO - Analyzing Payload: https://bit.ly/3xZqy8v
2026-04-13 23:04:59,176 - INFO - Analyzing Payload: https://bit.ly/3xZqy8v
2026-04-13 23:10:57,042 - INFO - Successfully loaded config.json
2026-04-13 23:10:57,043 - INFO - Analyzing Payload: https://www.bbc.co.uk
2026-04-13 23:10:57,047 - INFO - Analyzing Payload: https://www.bbc.co.uk
2026-04-13 23:10:57,049 - INFO - Analyzing Payload: https://www.bbc.co.uk
2026-04-13 23:10:57,050 - INFO - Analyzing Payload: https://www.bbc.co.uk
2026-04-13 23:10:57,051 - INFO - Analyzing Payload: https://www.bbc.co.uk
2026-04-13 23:10:57,052 - INFO - Analyzing Payload: https://www.bbc.co.uk
2026-04-13 23:10:57,054 - INFO - Analyzing Payload: https://www.bbc.co.uk
2026-04-13 23:10:57,055 - INFO - Analyzing Payload: https://www.bbc.co.uk
2026-04-13 23:10:57,057 - INFO - Analyzing Payload: https://www.bbc.co.uk
2026-04-13 23:10:57,058 - INFO - Analyzing Payload: https://www.bbc.co.uk
2026-04-13 23:10:57,059 - INFO - Analyzing Payload: https://www.bbc.co.uk
2026-04-13 23:10:57,061 - INFO - Analyzing Payload: https://www.bbc.co.uk
2026-04-13 23:10:57,062 - INFO - Analyzing Payload: https://www.bbc.co.uk
2026-04-13 23:10:57,064 - INFO - Analyzing Payload: https://www.bbc.co.uk
2026-04-13 23:10:57,065 - INFO - Analyzing Payload: https://www.bbc.co.uk
2026-04-13 23:10:57,067 - INFO - Analyzing Payload: https://www.bbc.co.uk
2026-04-13 23:10:57,069 - INFO - Analyzing Payload: https://www.bbc.co.uk
2026-04-13 23:10:57,071 - INFO - Analyzing Payload: https://www.bbc.co.uk
2026-04-13 23:10:57,073 - INFO - Analyzing Payload: https://www.bbc.co.uk
2026-04-13 23:10:57,075 - INFO - Analyzing Payload: https://www.bbc.co.uk
2026-04-13 23:10:57,076 - INFO - Analyzing Payload: https://www.bbc.co.uk
2026-04-13 23:10:57,078 - INFO - Analyzing Payload: https://www.bbc.co.uk
2026-04-13 23:10:57,080 - INFO - Analyzing Payload: https://www.bbc.co.uk
2026-04-13 23:10:57,081 - INFO - Analyzing Payload: https://www.bbc.co.uk
2026-04-13 23:10:57,083 - INFO - Analyzing Payload: https://www.bbc.co.uk
2026-04-13 23:10:57,086 - INFO - Analyzing Payload: https://www.bbc.co.uk
2026-04-13 23:10:57,088 - INFO - Analyzing Payload: https://www.bbc.co.uk
2026-04-13 23:10:57,089 - INFO - Analyzing Payload: https://www.bbc.co.uk
2026-04-13 23:10:57,091 - INFO - Analyzing Payload: https://www.bbc.co.uk
2026-04-13 23:10:57,093 - INFO - Analyzing Payload: https://www.bbc.co.uk
2026-04-13 23:10:57,095 - INFO - Analyzing Payload: https://www.bbc.co.uk
2026-04-13 23:10:57,097 - INFO - Analyzing Payload: https://www.secure-login-x8f92j3b.com
2026-04-13 23:10:57,099 - INFO - Analyzing Payload: https://www.secure-login-x8f92j3b.com
2026-04-13 23:10:57,101 - INFO - Analyzing Payload: https://www.secure-login-x8f92j3b.com
2026-04-13 23:10:57,103 - INFO - Analyzing Payload: https://www.secure-login-x8f92j3b.com
2026-04-13 23:10:57,105 - INFO - Analyzing Payload: https://www.secure-login-x8f92j3b.com
2026-04-13 23:10:57,107 - INFO - Analyzing Payload: https://www.secure-login-x8f92j3b.com
2026-04-13 23:10:57,109 - INFO - Analyzing Payload: https://www.secure-login-x8f92j3b.com
2026-04-13 23:10:57,111 - INFO - Analyzing Payload: https://www.secure-login-x8f92j3b.com
2026-04-13 23:10:57,113 - INFO - Analyzing Payload: https://www.secure-login-x8f92j3b.com
2026-04-13 23:10:57,115 - INFO - Analyzing Payload: https://www.secure-login-x8f92j3b.com
2026-04-13 23:10:57,117 - INFO - Analyzing Payload: https://www.secure-login-x8f92j3b.com
2026-04-13 23:10:57,119 - INFO - Analyzing Payload: https://www.secure-login-x8f92j3b.com
2026-04-13 23:10:57,121 - INFO - Analyzing Payload: https://www.secure-login-x8f92j3b.com
2026-04-13 23:10:57,123 - INFO - Analyzing Payload: https://www.secure-login-x8f92j3b.com
2026-04-13 23:10:57,125 - INFO - Analyzing Payload: https://www.secure-login-x8f92j3b.com
2026-04-13 23:10:57,127 - INFO - Analyzing Payload: https://www.secure-login-x8f92j3b.com
2026-04-13 23:10:57,128 - INFO - Analyzing Payload: https://www.secure-login-x8f92j3b.com
2026-04-13 23:10:57,130 - INFO - Analyzing Payload: https://www.secure-login-x8f92j3b.com
2026-04-13 23:10:57,133 - INFO - Analyzing Payload: https://www.secure-login-x8f92j3b.com
2026-04-13 23:10:57,135 - INFO - Analyzing Payload: https://www.secure-login-x8f92j3b.com
2026-04-13 23:10:57,136 - INFO - Analyzing Payload: https://www.secure-login-x8f92j3b.com
2026-04-13 23:10:57,139 - INFO - Analyzing Payload: https://www.secure-login-x8f92j3b.com
2026-04-13 23:10:57,140 - INFO - Analyzing Payload: https://www.secure-login-x8f92j3b.com
2026-04-13 23:10:57,142 - INFO - Analyzing Payload: https://www.secure-login-x8f92j3b.com
2026-04-13 23:10:57,144 - INFO - Analyzing Payload: https://www.secure-login-x8f92j3b.com
2026-04-13 23:10:57,146 - INFO - Analyzing Payload: https://www.secure-login-x8f92j3b.com
2026-04-13 23:10:57,148 - INFO - Analyzing Payload: https://www.secure-login-x8f92j3b.com
2026-04-13 23:10:57,150 - INFO - Analyzing Payload: https://www.secure-login-x8f92j3b.com
2026-04-13 23:10:57,151 - INFO - Analyzing Payload: https://www.secure-login-x8f92j3b.com
2026-04-13 23:10:57,154 - INFO - Analyzing Payload: https://www.secure-login-x8f92j3b.com
2026-04-13 23:10:57,155 - INFO - Analyzing Payload: https://www.secure-login-x8f92j3b.com
2026-04-13 23:10:57,158 - INFO - Analyzing Payload: https://bit.ly/3xZqy8v
2026-04-13 23:10:57,159 - INFO - Analyzing Payload: https://bit.ly/3xZqy8v
2026-04-13 23:10:57,161 - INFO - Analyzing Payload: https://bit.ly/3xZqy8v
2026-04-13 23:10:57,163 - INFO - Analyzing Payload: https://bit.ly/3xZqy8v
2026-04-13 23:10:57,164 - INFO - Analyzing Payload: https://bit.ly/3xZqy8v
2026-04-13 23:10:57,166 - INFO - Analyzing Payload: https://bit.ly/3xZqy8v
2026-04-13 23:10:57,168 - INFO - Analyzing Payload: https://bit.ly/3xZqy8v
2026-04-13 23:10:57,169 - INFO - Analyzing Payload: https://bit.ly/3xZqy8v
2026-04-13 23:10:57,171 - INFO - Analyzing Payload: https://bit.ly/3xZqy8v
2026-04-13 23:10:57,172 - INFO - Analyzing Payload: https://bit.ly/3xZqy8v
2026-04-13 23:10:57,174 - INFO - Analyzing Payload: https://bit.ly/3xZqy8v
2026-04-13 23:10:57,176 - INFO - Analyzing Payload: https://bit.ly/3xZqy8v
2026-04-13 23:10:57,177 - INFO - Analyzing Payload: https://bit.ly/3xZqy8v
2026-04-13 23:10:57,179 - INFO - Analyzing Payload: https://bit.ly/3xZqy8v
2026-04-13 23:10:57,181 - INFO - Analyzing Payload: https://bit.ly/3xZqy8v
2026-04-13 23:10:57,182 - INFO - Analyzing Payload: https://bit.ly/3xZqy8v
2026-04-13 23:10:57,184 - INFO - Analyzing Payload: https://bit.ly/3xZqy8v
2026-04-13 23:10:57,186 - INFO - Analyzing Payload: https://bit.ly/3xZqy8v
2026-04-13 23:10:57,187 - INFO - Analyzing Payload: https://bit.ly/3xZqy8v
2026-04-13 23:10:57,189 - INFO - Analyzing Payload: https://bit.ly/3xZqy8v
2026-04-13 23:10:57,191 - INFO - Analyzing Payload: https://bit.ly/3xZqy8v
2026-04-13 23:10:57,192 - INFO - Analyzing Payload: https://bit.ly/3xZqy8v
2026-04-13 23:10:57,194 - INFO - Analyzing Payload: https://bit.ly/3xZqy8v
2026-04-13 23:10:57,196 - INFO - Analyzing Payload: https://bit.ly/3xZqy8v
2026-04-13 23:10:57,197 - INFO - Analyzing Payload: https://bit.ly/3xZqy8v
2026-04-13 23:10:57,199 - INFO - Analyzing Payload: https://bit.ly/3xZqy8v
2026-04-13 23:10:57,200 - INFO - Analyzing Payload: https://bit.ly/3xZqy8v
2026-04-13 23:10:57,202 - INFO - Analyzing Payload: https://bit.ly/3xZqy8v
2026-04-13 23:10:57,204 - INFO - Analyzing Payload: https://bit.ly/3xZqy8v
2026-04-13 23:10:57,205 - INFO - Analyzing Payload: https://bit.ly/3xZqy8v
2026-04-13 23:10:57,207 - INFO - Analyzing Payload: https://bit.ly/3xZqy8v
2026-04-14 04:41:05,005 - INFO - Successfully loaded config.json
2026-04-14 04:41:05,006 - INFO - Analyzing Payload: https://www.bbc.co.uk
2026-04-14 04:41:05,011 - INFO - Analyzing Payload: https://www.bbc.co.uk
2026-04-14 04:41:05,012 - INFO - Analyzing Payload: https://www.bbc.co.uk
2026-04-14 04:41:05,013 - INFO - Analyzing Payload: https://www.bbc.co.uk
2026-04-14 04:41:05,013 - INFO - Analyzing Payload: https://www.bbc.co.uk
2026-04-14 04:41:05,014 - INFO - Analyzing Payload: https://www.bbc.co.uk
2026-04-14 04:41:05,015 - INFO - Analyzing Payload: https://www.bbc.co.uk
2026-04-14 04:41:05,015 - INFO - Analyzing Payload: https://www.bbc.co.uk
2026-04-14 04:41:05,016 - INFO - Analyzing Payload: https://www.bbc.co.uk
2026-04-14 04:41:05,017 - INFO - Analyzing Payload: https://www.bbc.co.uk
2026-04-14 04:41:05,017 - INFO - Analyzing Payload: https://www.bbc.co.uk
2026-04-14 04:41:05,018 - INFO - Analyzing Payload: https://www.bbc.co.uk
2026-04-14 04:41:05,018 - INFO - Analyzing Payload: https://www.bbc.co.uk
2026-04-14 04:41:05,019 - INFO - Analyzing Payload: https://www.bbc.co.uk
2026-04-14 04:41:05,020 - INFO - Analyzing Payload: https://www.bbc.co.uk
2026-04-14 04:41:05,021 - INFO - Analyzing Payload: https://www.bbc.co.uk
2026-04-14 04:41:05,022 - INFO - Analyzing Payload: https://www.bbc.co.uk
2026-04-14 04:41:05,022 - INFO - Analyzing Payload: https://www.bbc.co.uk
2026-04-14 04:41:05,023 - INFO - Analyzing Payload: https://www.bbc.co.uk
2026-04-14 04:41:05,024 - INFO - Analyzing Payload: https://www.bbc.co.uk
2026-04-14 04:41:05,024 - INFO - Analyzing Payload: https://www.bbc.co.uk
2026-04-14 04:41:05,025 - INFO - Analyzing Payload: https://www.bbc.co.uk
2026-04-14 04:41:05,026 - INFO - Analyzing Payload: https://www.bbc.co.uk
2026-04-14 04:41:05,026 - INFO - Analyzing Payload: https://www.bbc.co.uk
2026-04-14 04:41:05,027 - INFO - Analyzing Payload: https://www.bbc.co.uk
2026-04-14 04:41:05,028 - INFO - Analyzing Payload: https://www.bbc.co.uk
2026-04-14 04:41:05,029 - INFO - Analyzing Payload: https://www.bbc.co.uk
2026-04-14 04:41:05,029 - INFO - Analyzing Payload: https://www.bbc.co.uk
2026-04-14 04:41:05,030 - INFO - Analyzing Payload: https://www.bbc.co.uk
2026-04-14 04:41:05,030 - INFO - Analyzing Payload: https://www.bbc.co.uk
2026-04-14 04:41:05,031 - INFO - Analyzing Payload: https://www.bbc.co.uk
2026-04-14 04:41:05,032 - INFO - Analyzing Payload: https://www.secure-login.com/x8f92j3b9a8f7d6c5e4f3a2b1c0d9e8f7a6b5c4d3
2026-04-14 04:41:05,032 - INFO - Analyzing Payload: https://www.secure-login.com/x8f92j3b9a8f7d6c5e4f3a2b1c0d9e8f7a6b5c4d3
2026-04-14 04:41:05,033 - INFO - Analyzing Payload: https://www.secure-login.com/x8f92j3b9a8f7d6c5e4f3a2b1c0d9e8f7a6b5c4d3
2026-04-14 04:41:05,034 - INFO - Analyzing Payload: https://www.secure-login.com/x8f92j3b9a8f7d6c5e4f3a2b1c0d9e8f7a6b5c4d3
2026-04-14 04:41:05,035 - INFO - Analyzing Payload: https://www.secure-login.com/x8f92j3b9a8f7d6c5e4f3a2b1c0d9e8f7a6b5c4d3
2026-04-14 04:41:05,036 - INFO - Analyzing Payload: https://www.secure-login.com/x8f92j3b9a8f7d6c5e4f3a2b1c0d9e8f7a6b5c4d3
2026-04-14 04:41:05,037 - INFO - Analyzing Payload: https://www.secure-login.com/x8f92j3b9a8f7d6c5e4f3a2b1c0d9e8f7a6b5c4d3
2026-04-14 04:41:05,037 - INFO - Analyzing Payload: https://www.secure-login.com/x8f92j3b9a8f7d6c5e4f3a2b1c0d9e8f7a6b5c4d3
2026-04-14 04:41:05,038 - INFO - Analyzing Payload: https://www.secure-login.com/x8f92j3b9a8f7d6c5e4f3a2b1c0d9e8f7a6b5c4d3
2026-04-14 04:41:05,039 - INFO - Analyzing Payload: https://www.secure-login.com/x8f92j3b9a8f7d6c5e4f3a2b1c0d9e8f7a6b5c4d3
2026-04-14 04:41:05,040 - INFO - Analyzing Payload: https://www.secure-login.com/x8f92j3b9a8f7d6c5e4f3a2b1c0d9e8f7a6b5c4d3
2026-04-14 04:41:05,040 - INFO - Analyzing Payload: https://www.secure-login.com/x8f92j3b9a8f7d6c5e4f3a2b1c0d9e8f7a6b5c4d3
2026-04-14 04:41:05,041 - INFO - Analyzing Payload: https://www.secure-login.com/x8f92j3b9a8f7d6c5e4f3a2b1c0d9e8f7a6b5c4d3
2026-04-14 04:41:05,042 - INFO - Analyzing Payload: https://www.secure-login.com/x8f92j3b9a8f7d6c5e4f3a2b1c0d9e8f7a6b5c4d3
2026-04-14 04:41:05,042 - INFO - Analyzing Payload: https://www.secure-login.com/x8f92j3b9a8f7d6c5e4f3a2b1c0d9e8f7a6b5c4d3
2026-04-14 04:41:05,043 - INFO - Analyzing Payload: https://www.secure-login.com/x8f92j3b9a8f7d6c5e4f3a2b1c0d9e8f7a6b5c4d3
2026-04-14 04:41:05,044 - INFO - Analyzing Payload: https://www.secure-login.com/x8f92j3b9a8f7d6c5e4f3a2b1c0d9e8f7a6b5c4d3
2026-04-14 04:41:05,044 - INFO - Analyzing Payload: https://www.secure-login.com/x8f92j3b9a8f7d6c5e4f3a2b1c0d9e8f7a6b5c4d3
2026-04-14 04:41:05,045 - INFO - Analyzing Payload: https://www.secure-login.com/x8f92j3b9a8f7d6c5e4f3a2b1c0d9e8f7a6b5c4d3
2026-04-14 04:41:05,046 - INFO - Analyzing Payload: https://www.secure-login.com/x8f92j3b9a8f7d6c5e4f3a2b1c0d9e8f7a6b5c4d3
2026-04-14 04:41:05,046 - INFO - Analyzing Payload: https://www.secure-login.com/x8f92j3b9a8f7d6c5e4f3a2b1c0d9e8f7a6b5c4d3
2026-04-14 04:41:05,047 - INFO - Analyzing Payload: https://www.secure-login.com/x8f92j3b9a8f7d6c5e4f3a2b1c0d9e8f7a6b5c4d3
2026-04-14 04:41:05,048 - INFO - Analyzing Payload: https://www.secure-login.com/x8f92j3b9a8f7d6c5e4f3a2b1c0d9e8f7a6b5c4d3
2026-04-14 04:41:05,048 - INFO - Analyzing Payload: https://www.secure-login.com/x8f92j3b9a8f7d6c5e4f3a2b1c0d9e8f7a6b5c4d3
2026-04-14 04:41:05,049 - INFO - Analyzing Payload: https://www.secure-login.com/x8f92j3b9a8f7d6c5e4f3a2b1c0d9e8f7a6b5c4d3
2026-04-14 04:41:05,050 - INFO - Analyzing Payload: https://www.secure-login.com/x8f92j3b9a8f7d6c5e4f3a2b1c0d9e8f7a6b5c4d3
2026-04-14 04:41:05,050 - INFO - Analyzing Payload: https://www.secure-login.com/x8f92j3b9a8f7d6c5e4f3a2b1c0d9e8f7a6b5c4d3
2026-04-14 04:41:05,052 - INFO - Analyzing Payload: https://www.secure-login.com/x8f92j3b9a8f7d6c5e4f3a2b1c0d9e8f7a6b5c4d3
2026-04-14 04:41:05,053 - INFO - Analyzing Payload: https://www.secure-login.com/x8f92j3b9a8f7d6c5e4f3a2b1c0d9e8f7a6b5c4d3
2026-04-14 04:41:05,053 - INFO - Analyzing Payload: https://www.secure-login.com/x8f92j3b9a8f7d6c5e4f3a2b1c0d9e8f7a6b5c4d3
2026-04-14 04:41:05,054 - INFO - Analyzing Payload: https://www.secure-login.com/x8f92j3b9a8f7d6c5e4f3a2b1c0d9e8f7a6b5c4d3
2026-04-14 04:41:05,055 - INFO - Analyzing Payload: https://bit.ly/3xZqy8v
2026-04-14 04:41:05,056 - INFO - Analyzing Payload: https://bit.ly/3xZqy8v
2026-04-14 04:41:05,056 - INFO - Analyzing Payload: https://bit.ly/3xZqy8v
2026-04-14 04:41:05,057 - INFO - Analyzing Payload: https://bit.ly/3xZqy8v
2026-04-14 04:41:05,058 - INFO - Analyzing Payload: https://bit.ly/3xZqy8v
2026-04-14 04:41:05,059 - INFO - Analyzing Payload: https://bit.ly/3xZqy8v
2026-04-14 04:41:05,060 - INFO - Analyzing Payload: https://bit.ly/3xZqy8v
2026-04-14 04:41:05,060 - INFO - Analyzing Payload: https://bit.ly/3xZqy8v
2026-04-14 04:41:05,061 - INFO - Analyzing Payload: https://bit.ly/3xZqy8v
2026-04-14 04:41:05,061 - INFO - Analyzing Payload: https://bit.ly/3xZqy8v
2026-04-14 04:41:05,062 - INFO - Analyzing Payload: https://bit.ly/3xZqy8v
2026-04-14 04:41:05,063 - INFO - Analyzing Payload: https://bit.ly/3xZqy8v
2026-04-14 04:41:05,063 - INFO - Analyzing Payload: https://bit.ly/3xZqy8v
2026-04-14 04:41:05,064 - INFO - Analyzing Payload: https://bit.ly/3xZqy8v
2026-04-14 04:41:05,065 - INFO - Analyzing Payload: https://bit.ly/3xZqy8v
2026-04-14 04:41:05,065 - INFO - Analyzing Payload: https://bit.ly/3xZqy8v
2026-04-14 04:41:05,066 - INFO - Analyzing Payload: https://bit.ly/3xZqy8v
2026-04-14 04:41:05,067 - INFO - Analyzing Payload: https://bit.ly/3xZqy8v
2026-04-14 04:41:05,068 - INFO - Analyzing Payload: https://bit.ly/3xZqy8v
2026-04-14 04:41:05,068 - INFO - Analyzing Payload: https://bit.ly/3xZqy8v
2026-04-14 04:41:05,069 - INFO - Analyzing Payload: https://bit.ly/3xZqy8v
2026-04-14 04:41:05,070 - INFO - Analyzing Payload: https://bit.ly/3xZqy8v
2026-04-14 04:41:05,071 - INFO - Analyzing Payload: https://bit.ly/3xZqy8v
2026-04-14 04:41:05,071 - INFO - Analyzing Payload: https://bit.ly/3xZqy8v
2026-04-14 04:41:05,072 - INFO - Analyzing Payload: https://bit.ly/3xZqy8v
2026-04-14 04:41:05,073 - INFO - Analyzing Payload: https://bit.ly/3xZqy8v
2026-04-14 04:41:05,073 - INFO - Analyzing Payload: https://bit.ly/3xZqy8v
2026-04-14 04:41:05,074 - INFO - Analyzing Payload: https://bit.ly/3xZqy8v
2026-04-14 04:41:05,075 - INFO - Analyzing Payload: https://bit.ly/3xZqy8v
2026-04-14 04:41:05,075 - INFO - Analyzing Payload: https://bit.ly/3xZqy8v
2026-04-14 04:41:05,076 - INFO - Analyzing Payload: https://bit.ly/3xZqy8v
2026-04-14 07:05:15,992 - INFO - Successfully loaded config.json
2026-04-14 08:38:34,153 - INFO - Successfully loaded config.json
2026-04-14 08:38:34,154 - INFO - Analyzing Payload: https://www.bbc.co.uk
2026-04-14 08:38:34,156 - INFO - Analyzing Payload: https://www.bbc.co.uk
2026-04-14 08:38:34,156 - INFO - Analyzing Payload: https://www.bbc.co.uk
2026-04-14 08:38:34,157 - INFO - Analyzing Payload: https://www.bbc.co.uk
2026-04-14 08:38:34,158 - INFO - Analyzing Payload: https://www.bbc.co.uk
2026-04-14 08:38:34,159 - INFO - Analyzing Payload: https://www.bbc.co.uk
2026-04-14 08:38:34,160 - INFO - Analyzing Payload: https://www.bbc.co.uk
2026-04-14 08:38:34,160 - INFO - Analyzing Payload: https://www.bbc.co.uk
2026-04-14 08:38:34,161 - INFO - Analyzing Payload: https://www.bbc.co.uk
2026-04-14 08:38:34,162 - INFO - Analyzing Payload: https://www.bbc.co.uk
2026-04-14 08:38:34,163 - INFO - Analyzing Payload: https://www.bbc.co.uk
2026-04-14 08:38:34,164 - INFO - Analyzing Payload: https://www.bbc.co.uk
2026-04-14 08:38:34,165 - INFO - Analyzing Payload: https://www.bbc.co.uk
2026-04-14 08:38:34,166 - INFO - Analyzing Payload: https://www.bbc.co.uk
2026-04-14 08:38:34,166 - INFO - Analyzing Payload: https://www.bbc.co.uk
2026-04-14 08:38:34,167 - INFO - Analyzing Payload: https://www.bbc.co.uk
2026-04-14 08:38:34,168 - INFO - Analyzing Payload: https://www.bbc.co.uk
2026-04-14 08:38:34,168 - INFO - Analyzing Payload: https://www.bbc.co.uk
2026-04-14 08:38:34,169 - INFO - Analyzing Payload: https://www.bbc.co.uk
2026-04-14 08:38:34,170 - INFO - Analyzing Payload: https://www.bbc.co.uk
2026-04-14 08:38:34,171 - INFO - Analyzing Payload: https://www.bbc.co.uk
2026-04-14 08:38:34,172 - INFO - Analyzing Payload: https://www.bbc.co.uk
2026-04-14 08:38:34,174 - INFO - Analyzing Payload: https://www.bbc.co.uk
2026-04-14 08:38:34,174 - INFO - Analyzing Payload: https://www.bbc.co.uk
2026-04-14 08:38:34,175 - INFO - Analyzing Payload: https://www.bbc.co.uk
2026-04-14 08:38:34,176 - INFO - Analyzing Payload: https://www.bbc.co.uk
2026-04-14 08:38:34,177 - INFO - Analyzing Payload: https://www.bbc.co.uk
2026-04-14 08:38:34,178 - INFO - Analyzing Payload: https://www.bbc.co.uk
2026-04-14 08:38:34,178 - INFO - Analyzing Payload: https://www.bbc.co.uk
2026-04-14 08:38:34,179 - INFO - Analyzing Payload: https://www.bbc.co.uk
2026-04-14 08:38:34,180 - INFO - Analyzing Payload: https://www.bbc.co.uk
2026-04-14 08:38:34,180 - INFO - Analyzing Payload: https://www.secure-login.com/x8f92j3b9a8f7d6c5e4f3a2b1c0d9e8f7a6b5c4d3
2026-04-14 08:38:34,181 - INFO - Analyzing Payload: https://www.secure-login.com/x8f92j3b9a8f7d6c5e4f3a2b1c0d9e8f7a6b5c4d3
2026-04-14 08:38:34,182 - INFO - Analyzing Payload: https://www.secure-login.com/x8f92j3b9a8f7d6c5e4f3a2b1c0d9e8f7a6b5c4d3
2026-04-14 08:38:34,183 - INFO - Analyzing Payload: https://www.secure-login.com/x8f92j3b9a8f7d6c5e4f3a2b1c0d9e8f7a6b5c4d3
2026-04-14 08:38:34,184 - INFO - Analyzing Payload: https://www.secure-login.com/x8f92j3b9a8f7d6c5e4f3a2b1c0d9e8f7a6b5c4d3
2026-04-14 08:38:34,185 - INFO - Analyzing Payload: https://www.secure-login.com/x8f92j3b9a8f7d6c5e4f3a2b1c0d9e8f7a6b5c4d3
2026-04-14 08:38:34,186 - INFO - Analyzing Payload: https://www.secure-login.com/x8f92j3b9a8f7d6c5e4f3a2b1c0d9e8f7a6b5c4d3
2026-04-14 08:38:34,186 - INFO - Analyzing Payload: https://www.secure-login.com/x8f92j3b9a8f7d6c5e4f3a2b1c0d9e8f7a6b5c4d3
2026-04-14 08:38:34,187 - INFO - Analyzing Payload: https://www.secure-login.com/x8f92j3b9a8f7d6c5e4f3a2b1c0d9e8f7a6b5c4d3
2026-04-14 08:38:34,188 - INFO - Analyzing Payload: https://www.secure-login.com/x8f92j3b9a8f7d6c5e4f3a2b1c0d9e8f7a6b5c4d3
2026-04-14 08:38:34,189 - INFO - Analyzing Payload: https://www.secure-login.com/x8f92j3b9a8f7d6c5e4f3a2b1c0d9e8f7a6b5c4d3
2026-04-14 08:38:34,189 - INFO - Analyzing Payload: https://www.secure-login.com/x8f92j3b9a8f7d6c5e4f3a2b1c0d9e8f7a6b5c4d3
2026-04-14 08:38:34,190 - INFO - Analyzing Payload: https://www.secure-login.com/x8f92j3b9a8f7d6c5e4f3a2b1c0d9e8f7a6b5c4d3
2026-04-14 08:38:34,191 - INFO - Analyzing Payload: https://www.secure-login.com/x8f92j3b9a8f7d6c5e4f3a2b1c0d9e8f7a6b5c4d3
2026-04-14 08:38:34,192 - INFO - Analyzing Payload: https://www.secure-login.com/x8f92j3b9a8f7d6c5e4f3a2b1c0d9e8f7a6b5c4d3
2026-04-14 08:38:34,192 - INFO - Analyzing Payload: https://www.secure-login.com/x8f92j3b9a8f7d6c5e4f3a2b1c0d9e8f7a6b5c4d3
2026-04-14 08:38:34,193 - INFO - Analyzing Payload: https://www.secure-login.com/x8f92j3b9a8f7d6c5e4f3a2b1c0d9e8f7a6b5c4d3
2026-04-14 08:38:34,194 - INFO - Analyzing Payload: https://www.secure-login.com/x8f92j3b9a8f7d6c5e4f3a2b1c0d9e8f7a6b5c4d3
2026-04-14 08:38:34,195 - INFO - Analyzing Payload: https://www.secure-login.com/x8f92j3b9a8f7d6c5e4f3a2b1c0d9e8f7a6b5c4d3
2026-04-14 08:38:34,196 - INFO - Analyzing Payload: https://www.secure-login.com/x8f92j3b9a8f7d6c5e4f3a2b1c0d9e8f7a6b5c4d3
2026-04-14 08:38:34,197 - INFO - Analyzing Payload: https://www.secure-login.com/x8f92j3b9a8f7d6c5e4f3a2b1c0d9e8f7a6b5c4d3
2026-04-14 08:38:34,197 - INFO - Analyzing Payload: https://www.secure-login.com/x8f92j3b9a8f7d6c5e4f3a2b1c0d9e8f7a6b5c4d3
2026-04-14 08:38:34,198 - INFO - Analyzing Payload: https://www.secure-login.com/x8f92j3b9a8f7d6c5e4f3a2b1c0d9e8f7a6b5c4d3
2026-04-14 08:38:34,199 - INFO - Analyzing Payload: https://www.secure-login.com/x8f92j3b9a8f7d6c5e4f3a2b1c0d9e8f7a6b5c4d3
2026-04-14 08:38:34,200 - INFO - Analyzing Payload: https://www.secure-login.com/x8f92j3b9a8f7d6c5e4f3a2b1c0d9e8f7a6b5c4d3
2026-04-14 08:38:34,200 - INFO - Analyzing Payload: https://www.secure-login.com/x8f92j3b9a8f7d6c5e4f3a2b1c0d9e8f7a6b5c4d3
2026-04-14 08:38:34,201 - INFO - Analyzing Payload: https://www.secure-login.com/x8f92j3b9a8f7d6c5e4f3a2b1c0d9e8f7a6b5c4d3
2026-04-14 08:38:34,202 - INFO - Analyzing Payload: https://www.secure-login.com/x8f92j3b9a8f7d6c5e4f3a2b1c0d9e8f7a6b5c4d3
2026-04-14 08:38:34,202 - INFO - Analyzing Payload: https://www.secure-login.com/x8f92j3b9a8f7d6c5e4f3a2b1c0d9e8f7a6b5c4d3
2026-04-14 08:38:34,203 - INFO - Analyzing Payload: https://www.secure-login.com/x8f92j3b9a8f7d6c5e4f3a2b1c0d9e8f7a6b5c4d3
2026-04-14 08:38:34,204 - INFO - Analyzing Payload: https://www.secure-login.com/x8f92j3b9a8f7d6c5e4f3a2b1c0d9e8f7a6b5c4d3
2026-04-14 08:38:34,205 - INFO - Analyzing Payload: https://bit.ly/3xZqy8v
2026-04-14 08:38:34,205 - INFO - Analyzing Payload: https://bit.ly/3xZqy8v
2026-04-14 08:38:34,206 - INFO - Analyzing Payload: https://bit.ly/3xZqy8v
2026-04-14 08:38:34,207 - INFO - Analyzing Payload: https://bit.ly/3xZqy8v
2026-04-14 08:38:34,207 - INFO - Analyzing Payload: https://bit.ly/3xZqy8v
2026-04-14 08:38:34,208 - INFO - Analyzing Payload: https://bit.ly/3xZqy8v
2026-04-14 08:38:34,209 - INFO - Analyzing Payload: https://bit.ly/3xZqy8v
2026-04-14 08:38:34,209 - INFO - Analyzing Payload: https://bit.ly/3xZqy8v
2026-04-14 08:38:34,210 - INFO - Analyzing Payload: https://bit.ly/3xZqy8v
2026-04-14 08:38:34,210 - INFO - Analyzing Payload: https://bit.ly/3xZqy8v
2026-04-14 08:38:34,211 - INFO - Analyzing Payload: https://bit.ly/3xZqy8v
2026-04-14 08:38:34,212 - INFO - Analyzing Payload: https://bit.ly/3xZqy8v
2026-04-14 08:38:34,213 - INFO - Analyzing Payload: https://bit.ly/3xZqy8v
2026-04-14 08:38:34,213 - INFO - Analyzing Payload: https://bit.ly/3xZqy8v
2026-04-14 08:38:34,214 - INFO - Analyzing Payload: https://bit.ly/3xZqy8v
2026-04-14 08:38:34,216 - INFO - Analyzing Payload: https://bit.ly/3xZqy8v
2026-04-14 08:38:34,217 - INFO - Analyzing Payload: https://bit.ly/3xZqy8v
2026-04-14 08:38:34,218 - INFO - Analyzing Payload: https://bit.ly/3xZqy8v
2026-04-14 08:38:34,218 - INFO - Analyzing Payload: https://bit.ly/3xZqy8v
2026-04-14 08:38:34,219 - INFO - Analyzing Payload: https://bit.ly/3xZqy8v
2026-04-14 08:38:34,220 - INFO - Analyzing Payload: https://bit.ly/3xZqy8v
2026-04-14 08:38:34,220 - INFO - Analyzing Payload: https://bit.ly/3xZqy8v
2026-04-14 08:38:34,221 - INFO - Analyzing Payload: https://bit.ly/3xZqy8v
2026-04-14 08:38:34,221 - INFO - Analyzing Payload: https://bit.ly/3xZqy8v
2026-04-14 08:38:34,222 - INFO - Analyzing Payload: https://bit.ly/3xZqy8v
2026-04-14 08:38:34,223 - INFO - Analyzing Payload: https://bit.ly/3xZqy8v
2026-04-14 08:38:34,224 - INFO - Analyzing Payload: https://bit.ly/3xZqy8v
2026-04-14 08:38:34,224 - INFO - Analyzing Payload: https://bit.ly/3xZqy8v
2026-04-14 08:38:34,225 - INFO - Analyzing Payload: https://bit.ly/3xZqy8v
2026-04-14 08:38:34,225 - INFO - Analyzing Payload: https://bit.ly/3xZqy8v
2026-04-14 08:38:34,227 - INFO - Analyzing Payload: https://bit.ly/3xZqy8v
2026-04-14 11:38:03,684 - INFO - Successfully loaded config.json
2026-04-14 11:38:03,685 - INFO - Analyzing Payload: https://www.bbc.co.uk
2026-04-14 11:38:03,689 - INFO - Analyzing Payload: https://www.bbc.co.uk
2026-04-14 11:38:03,689 - INFO - Analyzing Payload: https://www.bbc.co.uk
2026-04-14 11:38:03,690 - INFO - Analyzing Payload: https://www.bbc.co.uk
2026-04-14 11:38:03,691 - INFO - Analyzing Payload: https://www.bbc.co.uk
2026-04-14 11:38:03,691 - INFO - Analyzing Payload: https://www.bbc.co.uk
2026-04-14 11:38:03,692 - INFO - Analyzing Payload: https://www.bbc.co.uk
2026-04-14 11:38:03,693 - INFO - Analyzing Payload: https://www.bbc.co.uk
2026-04-14 11:38:03,694 - INFO - Analyzing Payload: https://www.bbc.co.uk
2026-04-14 11:38:03,694 - INFO - Analyzing Payload: https://www.bbc.co.uk
2026-04-14 11:38:03,695 - INFO - Analyzing Payload: https://www.bbc.co.uk
2026-04-14 11:38:03,696 - INFO - Analyzing Payload: https://www.bbc.co.uk
2026-04-14 11:38:03,697 - INFO - Analyzing Payload: https://www.bbc.co.uk
2026-04-14 11:38:03,697 - INFO - Analyzing Payload: https://www.bbc.co.uk
2026-04-14 11:38:03,698 - INFO - Analyzing Payload: https://www.bbc.co.uk
2026-04-14 11:38:03,698 - INFO - Analyzing Payload: https://www.bbc.co.uk
2026-04-14 11:38:03,699 - INFO - Analyzing Payload: https://www.bbc.co.uk
2026-04-14 11:38:03,700 - INFO - Analyzing Payload: https://www.bbc.co.uk
2026-04-14 11:38:03,700 - INFO - Analyzing Payload: https://www.bbc.co.uk
2026-04-14 11:38:03,701 - INFO - Analyzing Payload: https://www.bbc.co.uk
2026-04-14 11:38:03,702 - INFO - Analyzing Payload: https://www.bbc.co.uk
2026-04-14 11:38:03,702 - INFO - Analyzing Payload: https://www.bbc.co.uk
2026-04-14 11:38:03,703 - INFO - Analyzing Payload: https://www.bbc.co.uk
2026-04-14 11:38:03,704 - INFO - Analyzing Payload: https://www.bbc.co.uk
2026-04-14 11:38:03,704 - INFO - Analyzing Payload: https://www.bbc.co.uk
2026-04-14 11:38:03,705 - INFO - Analyzing Payload: https://www.bbc.co.uk
2026-04-14 11:38:03,706 - INFO - Analyzing Payload: https://www.bbc.co.uk
2026-04-14 11:38:03,706 - INFO - Analyzing Payload: https://www.bbc.co.uk
2026-04-14 11:38:03,707 - INFO - Analyzing Payload: https://www.bbc.co.uk
2026-04-14 11:38:03,707 - INFO - Analyzing Payload: https://www.bbc.co.uk
2026-04-14 11:38:03,708 - INFO - Analyzing Payload: https://www.bbc.co.uk
2026-04-14 11:38:03,709 - INFO - Analyzing Payload: https://www.secure-login.com/x8f92j3b9a8f7d6c5e4f3a2b1c0d9e8f7a6b5c4d3
2026-04-14 11:38:03,710 - INFO - Analyzing Payload: https://www.secure-login.com/x8f92j3b9a8f7d6c5e4f3a2b1c0d9e8f7a6b5c4d3
2026-04-14 11:38:03,710 - INFO - Analyzing Payload: https://www.secure-login.com/x8f92j3b9a8f7d6c5e4f3a2b1c0d9e8f7a6b5c4d3
2026-04-14 11:38:03,711 - INFO - Analyzing Payload: https://www.secure-login.com/x8f92j3b9a8f7d6c5e4f3a2b1c0d9e8f7a6b5c4d3
2026-04-14 11:38:03,711 - INFO - Analyzing Payload: https://www.secure-login.com/x8f92j3b9a8f7d6c5e4f3a2b1c0d9e8f7a6b5c4d3
2026-04-14 11:38:03,713 - INFO - Analyzing Payload: https://www.secure-login.com/x8f92j3b9a8f7d6c5e4f3a2b1c0d9e8f7a6b5c4d3
2026-04-14 11:38:03,714 - INFO - Analyzing Payload: https://www.secure-login.com/x8f92j3b9a8f7d6c5e4f3a2b1c0d9e8f7a6b5c4d3
2026-04-14 11:38:03,714 - INFO - Analyzing Payload: https://www.secure-login.com/x8f92j3b9a8f7d6c5e4f3a2b1c0d9e8f7a6b5c4d3
2026-04-14 11:38:03,715 - INFO - Analyzing Payload: https://www.secure-login.com/x8f92j3b9a8f7d6c5e4f3a2b1c0d9e8f7a6b5c4d3
2026-04-14 11:38:03,716 - INFO - Analyzing Payload: https://www.secure-login.com/x8f92j3b9a8f7d6c5e4f3a2b1c0d9e8f7a6b5c4d3
2026-04-14 11:38:03,717 - INFO - Analyzing Payload: https://www.secure-login.com/x8f92j3b9a8f7d6c5e4f3a2b1c0d9e8f7a6b5c4d3
2026-04-14 11:38:03,719 - INFO - Analyzing Payload: https://www.secure-login.com/x8f92j3b9a8f7d6c5e4f3a2b1c0d9e8f7a6b5c4d3
2026-04-14 11:38:03,719 - INFO - Analyzing Payload: https://www.secure-login.com/x8f92j3b9a8f7d6c5e4f3a2b1c0d9e8f7a6b5c4d3
2026-04-14 11:38:03,720 - INFO - Analyzing Payload: https://www.secure-login.com/x8f92j3b9a8f7d6c5e4f3a2b1c0d9e8f7a6b5c4d3
2026-04-14 11:38:03,721 - INFO - Analyzing Payload: https://www.secure-login.com/x8f92j3b9a8f7d6c5e4f3a2b1c0d9e8f7a6b5c4d3
2026-04-14 11:38:03,721 - INFO - Analyzing Payload: https://www.secure-login.com/x8f92j3b9a8f7d6c5e4f3a2b1c0d9e8f7a6b5c4d3
2026-04-14 11:38:03,722 - INFO - Analyzing Payload: https://www.secure-login.com/x8f92j3b9a8f7d6c5e4f3a2b1c0d9e8f7a6b5c4d3
2026-04-14 11:38:03,723 - INFO - Analyzing Payload: https://www.secure-login.com/x8f92j3b9a8f7d6c5e4f3a2b1c0d9e8f7a6b5c4d3
2026-04-14 11:38:03,724 - INFO - Analyzing Payload: https://www.secure-login.com/x8f92j3b9a8f7d6c5e4f3a2b1c0d9e8f7a6b5c4d3
2026-04-14 11:38:03,725 - INFO - Analyzing Payload: https://www.secure-login.com/x8f92j3b9a8f7d6c5e4f3a2b1c0d9e8f7a6b5c4d3
2026-04-14 11:38:03,726 - INFO - Analyzing Payload: https://www.secure-login.com/x8f92j3b9a8f7d6c5e4f3a2b1c0d9e8f7a6b5c4d3
2026-04-14 11:38:03,727 - INFO - Analyzing Payload: https://www.secure-login.com/x8f92j3b9a8f7d6c5e4f3a2b1c0d9e8f7a6b5c4d3
2026-04-14 11:38:03,727 - INFO - Analyzing Payload: https://www.secure-login.com/x8f92j3b9a8f7d6c5e4f3a2b1c0d9e8f7a6b5c4d3
2026-04-14 11:38:03,728 - INFO - Analyzing Payload: https://www.secure-login.com/x8f92j3b9a8f7d6c5e4f3a2b1c0d9e8f7a6b5c4d3
2026-04-14 11:38:03,729 - INFO - Analyzing Payload: https://www.secure-login.com/x8f92j3b9a8f7d6c5e4f3a2b1c0d9e8f7a6b5c4d3
2026-04-14 11:38:03,729 - INFO - Analyzing Payload: https://www.secure-login.com/x8f92j3b9a8f7d6c5e4f3a2b1c0d9e8f7a6b5c4d3
2026-04-14 11:38:03,730 - INFO - Analyzing Payload: https://www.secure-login.com/x8f92j3b9a8f7d6c5e4f3a2b1c0d9e8f7a6b5c4d3
2026-04-14 11:38:03,731 - INFO - Analyzing Payload: https://www.secure-login.com/x8f92j3b9a8f7d6c5e4f3a2b1c0d9e8f7a6b5c4d3
2026-04-14 11:38:03,732 - INFO - Analyzing Payload: https://www.secure-login.com/x8f92j3b9a8f7d6c5e4f3a2b1c0d9e8f7a6b5c4d3
2026-04-14 11:38:03,733 - INFO - Analyzing Payload: https://www.secure-login.com/x8f92j3b9a8f7d6c5e4f3a2b1c0d9e8f7a6b5c4d3
2026-04-14 11:38:03,733 - INFO - Analyzing Payload: https://www.secure-login.com/x8f92j3b9a8f7d6c5e4f3a2b1c0d9e8f7a6b5c4d3
2026-04-14 11:38:03,734 - INFO - Analyzing Payload: https://bit.ly/3xZqy8v
2026-04-14 11:38:03,735 - INFO - Analyzing Payload: https://bit.ly/3xZqy8v
2026-04-14 11:38:03,735 - INFO - Analyzing Payload: https://bit.ly/3xZqy8v
2026-04-14 11:38:03,736 - INFO - Analyzing Payload: https://bit.ly/3xZqy8v
2026-04-14 11:38:03,737 - INFO - Analyzing Payload: https://bit.ly/3xZqy8v
2026-04-14 11:38:03,737 - INFO - Analyzing Payload: https://bit.ly/3xZqy8v
2026-04-14 11:38:03,738 - INFO - Analyzing Payload: https://bit.ly/3xZqy8v
2026-04-14 11:38:03,738 - INFO - Analyzing Payload: https://bit.ly/3xZqy8v
2026-04-14 11:38:03,739 - INFO - Analyzing Payload: https://bit.ly/3xZqy8v
2026-04-14 11:38:03,740 - INFO - Analyzing Payload: https://bit.ly/3xZqy8v
2026-04-14 11:38:03,740 - INFO - Analyzing Payload: https://bit.ly/3xZqy8v
2026-04-14 11:38:03,741 - INFO - Analyzing Payload: https://bit.ly/3xZqy8v
2026-04-14 11:38:03,741 - INFO - Analyzing Payload: https://bit.ly/3xZqy8v
2026-04-14 11:38:03,742 - INFO - Analyzing Payload: https://bit.ly/3xZqy8v
2026-04-14 11:38:03,743 - INFO - Analyzing Payload: https://bit.ly/3xZqy8v
2026-04-14 11:38:03,744 - INFO - Analyzing Payload: https://bit.ly/3xZqy8v
2026-04-14 11:38:03,744 - INFO - Analyzing Payload: https://bit.ly/3xZqy8v
2026-04-14 11:38:03,745 - INFO - Analyzing Payload: https://bit.ly/3xZqy8v
2026-04-14 11:38:03,745 - INFO - Analyzing Payload: https://bit.ly/3xZqy8v
2026-04-14 11:38:03,746 - INFO - Analyzing Payload: https://bit.ly/3xZqy8v
2026-04-14 11:38:03,747 - INFO - Analyzing Payload: https://bit.ly/3xZqy8v
2026-04-14 11:38:03,747 - INFO - Analyzing Payload: https://bit.ly/3xZqy8v
2026-04-14 11:38:03,748 - INFO - Analyzing Payload: https://bit.ly/3xZqy8v
2026-04-14 11:38:03,748 - INFO - Analyzing Payload: https://bit.ly/3xZqy8v
2026-04-14 11:38:03,749 - INFO - Analyzing Payload: https://bit.ly/3xZqy8v
2026-04-14 11:38:03,750 - INFO - Analyzing Payload: https://bit.ly/3xZqy8v
2026-04-14 11:38:03,750 - INFO - Analyzing Payload: https://bit.ly/3xZqy8v
2026-04-14 11:38:03,751 - INFO - Analyzing Payload: https://bit.ly/3xZqy8v
2026-04-14 11:38:03,751 - INFO - Analyzing Payload: https://bit.ly/3xZqy8v
2026-04-14 11:38:03,752 - INFO - Analyzing Payload: https://bit.ly/3xZqy8v
2026-04-14 11:38:03,753 - INFO - Analyzing Payload: https://bit.ly/3xZqy8v
2026-04-14 11:38:07,556 - INFO - Successfully loaded config.json
2026-04-14 11:38:16,147 - INFO - Successfully loaded config.json
2026-04-14 11:38:16,148 - INFO - Analyzing Payload: https://www.bbc.co.uk
2026-04-14 11:38:16,149 - INFO - Analyzing Payload: https://www.bbc.co.uk
2026-04-14 11:38:16,151 - INFO - Analyzing Payload: https://www.bbc.co.uk
2026-04-14 11:38:16,151 - INFO - Analyzing Payload: https://www.bbc.co.uk
2026-04-14 11:38:16,152 - INFO - Analyzing Payload: https://www.bbc.co.uk
2026-04-14 11:38:16,153 - INFO - Analyzing Payload: https://www.bbc.co.uk
2026-04-14 11:38:16,153 - INFO - Analyzing Payload: https://www.bbc.co.uk
2026-04-14 11:38:16,154 - INFO - Analyzing Payload: https://www.bbc.co.uk
2026-04-14 11:38:16,155 - INFO - Analyzing Payload: https://www.bbc.co.uk
2026-04-14 11:38:16,155 - INFO - Analyzing Payload: https://www.bbc.co.uk
2026-04-14 11:38:16,156 - INFO - Analyzing Payload: https://www.bbc.co.uk
2026-04-14 11:38:16,157 - INFO - Analyzing Payload: https://www.bbc.co.uk
2026-04-14 11:38:16,157 - INFO - Analyzing Payload: https://www.bbc.co.uk
2026-04-14 11:38:16,158 - INFO - Analyzing Payload: https://www.bbc.co.uk
2026-04-14 11:38:16,158 - INFO - Analyzing Payload: https://www.bbc.co.uk
2026-04-14 11:38:16,159 - INFO - Analyzing Payload: https://www.bbc.co.uk
2026-04-14 11:38:16,160 - INFO - Analyzing Payload: https://www.bbc.co.uk
2026-04-14 11:38:16,160 - INFO - Analyzing Payload: https://www.bbc.co.uk
2026-04-14 11:38:16,161 - INFO - Analyzing Payload: https://www.bbc.co.uk
2026-04-14 11:38:16,162 - INFO - Analyzing Payload: https://www.bbc.co.uk
2026-04-14 11:38:16,162 - INFO - Analyzing Payload: https://www.bbc.co.uk
2026-04-14 11:38:16,163 - INFO - Analyzing Payload: https://www.bbc.co.uk
2026-04-14 11:38:16,164 - INFO - Analyzing Payload: https://www.bbc.co.uk
2026-04-14 11:38:16,164 - INFO - Analyzing Payload: https://www.bbc.co.uk
2026-04-14 11:38:16,165 - INFO - Analyzing Payload: https://www.bbc.co.uk
2026-04-14 11:38:16,166 - INFO - Analyzing Payload: https://www.bbc.co.uk
2026-04-14 11:38:16,166 - INFO - Analyzing Payload: https://www.bbc.co.uk
2026-04-14 11:38:16,167 - INFO - Analyzing Payload: https://www.bbc.co.uk
2026-04-14 11:38:16,168 - INFO - Analyzing Payload: https://www.bbc.co.uk
2026-04-14 11:38:16,168 - INFO - Analyzing Payload: https://www.bbc.co.uk
2026-04-14 11:38:16,170 - INFO - Analyzing Payload: https://www.bbc.co.uk
2026-04-14 11:38:16,171 - INFO - Analyzing Payload: https://www.secure-login.com/x8f92j3b9a8f7d6c5e4f3a2b1c0d9e8f7a6b5c4d3
2026-04-14 11:38:16,171 - INFO - Analyzing Payload: https://www.secure-login.com/x8f92j3b9a8f7d6c5e4f3a2b1c0d9e8f7a6b5c4d3
2026-04-14 11:38:16,172 - INFO - Analyzing Payload: https://www.secure-login.com/x8f92j3b9a8f7d6c5e4f3a2b1c0d9e8f7a6b5c4d3
2026-04-14 11:38:16,173 - INFO - Analyzing Payload: https://www.secure-login.com/x8f92j3b9a8f7d6c5e4f3a2b1c0d9e8f7a6b5c4d3
2026-04-14 11:38:16,173 - INFO - Analyzing Payload: https://www.secure-login.com/x8f92j3b9a8f7d6c5e4f3a2b1c0d9e8f7a6b5c4d3
2026-04-14 11:38:16,174 - INFO - Analyzing Payload: https://www.secure-login.com/x8f92j3b9a8f7d6c5e4f3a2b1c0d9e8f7a6b5c4d3
2026-04-14 11:38:16,175 - INFO - Analyzing Payload: https://www.secure-login.com/x8f92j3b9a8f7d6c5e4f3a2b1c0d9e8f7a6b5c4d3
2026-04-14 11:38:16,175 - INFO - Analyzing Payload: https://www.secure-login.com/x8f92j3b9a8f7d6c5e4f3a2b1c0d9e8f7a6b5c4d3
2026-04-14 11:38:16,176 - INFO - Analyzing Payload: https://www.secure-login.com/x8f92j3b9a8f7d6c5e4f3a2b1c0d9e8f7a6b5c4d3
2026-04-14 11:38:16,177 - INFO - Analyzing Payload: https://www.secure-login.com/x8f92j3b9a8f7d6c5e4f3a2b1c0d9e8f7a6b5c4d3
2026-04-14 11:38:16,177 - INFO - Analyzing Payload: https://www.secure-login.com/x8f92j3b9a8f7d6c5e4f3a2b1c0d9e8f7a6b5c4d3
2026-04-14 11:38:16,178 - INFO - Analyzing Payload: https://www.secure-login.com/x8f92j3b9a8f7d6c5e4f3a2b1c0d9e8f7a6b5c4d3
2026-04-14 11:38:16,179 - INFO - Analyzing Payload: https://www.secure-login.com/x8f92j3b9a8f7d6c5e4f3a2b1c0d9e8f7a6b5c4d3
2026-04-14 11:38:16,180 - INFO - Analyzing Payload: https://www.secure-login.com/x8f92j3b9a8f7d6c5e4f3a2b1c0d9e8f7a6b5c4d3
2026-04-14 11:38:16,180 - INFO - Analyzing Payload: https://www.secure-login.com/x8f92j3b9a8f7d6c5e4f3a2b1c0d9e8f7a6b5c4d3
2026-04-14 11:38:16,181 - INFO - Analyzing Payload: https://www.secure-login.com/x8f92j3b9a8f7d6c5e4f3a2b1c0d9e8f7a6b5c4d3
2026-04-14 11:38:16,182 - INFO - Analyzing Payload: https://www.secure-login.com/x8f92j3b9a8f7d6c5e4f3a2b1c0d9e8f7a6b5c4d3
2026-04-14 11:38:16,182 - INFO - Analyzing Payload: https://www.secure-login.com/x8f92j3b9a8f7d6c5e4f3a2b1c0d9e8f7a6b5c4d3
2026-04-14 11:38:16,183 - INFO - Analyzing Payload: https://www.secure-login.com/x8f92j3b9a8f7d6c5e4f3a2b1c0d9e8f7a6b5c4d3
2026-04-14 11:38:16,184 - INFO - Analyzing Payload: https://www.secure-login.com/x8f92j3b9a8f7d6c5e4f3a2b1c0d9e8f7a6b5c4d3
2026-04-14 11:38:16,184 - INFO - Analyzing Payload: https://www.secure-login.com/x8f92j3b9a8f7d6c5e4f3a2b1c0d9e8f7a6b5c4d3
2026-04-14 11:38:16,185 - INFO - Analyzing Payload: https://www.secure-login.com/x8f92j3b9a8f7d6c5e4f3a2b1c0d9e8f7a6b5c4d3
2026-04-14 11:38:16,186 - INFO - Analyzing Payload: https://www.secure-login.com/x8f92j3b9a8f7d6c5e4f3a2b1c0d9e8f7a6b5c4d3
2026-04-14 11:38:16,187 - INFO - Analyzing Payload: https://www.secure-login.com/x8f92j3b9a8f7d6c5e4f3a2b1c0d9e8f7a6b5c4d3
2026-04-14 11:38:16,188 - INFO - Analyzing Payload: https://www.secure-login.com/x8f92j3b9a8f7d6c5e4f3a2b1c0d9e8f7a6b5c4d3
2026-04-14 11:38:16,188 - INFO - Analyzing Payload: https://www.secure-login.com/x8f92j3b9a8f7d6c5e4f3a2b1c0d9e8f7a6b5c4d3
2026-04-14 11:38:16,189 - INFO - Analyzing Payload: https://www.secure-login.com/x8f92j3b9a8f7d6c5e4f3a2b1c0d9e8f7a6b5c4d3
2026-04-14 11:38:16,190 - INFO - Analyzing Payload: https://www.secure-login.com/x8f92j3b9a8f7d6c5e4f3a2b1c0d9e8f7a6b5c4d3
2026-04-14 11:38:16,190 - INFO - Analyzing Payload: https://www.secure-login.com/x8f92j3b9a8f7d6c5e4f3a2b1c0d9e8f7a6b5c4d3
2026-04-14 11:38:16,191 - INFO - Analyzing Payload: https://www.secure-login.com/x8f92j3b9a8f7d6c5e4f3a2b1c0d9e8f7a6b5c4d3
2026-04-14 11:38:16,192 - INFO - Analyzing Payload: https://www.secure-login.com/x8f92j3b9a8f7d6c5e4f3a2b1c0d9e8f7a6b5c4d3
2026-04-14 11:38:16,193 - INFO - Analyzing Payload: https://bit.ly/3xZqy8v
2026-04-14 11:38:16,193 - INFO - Analyzing Payload: https://bit.ly/3xZqy8v
2026-04-14 11:38:16,194 - INFO - Analyzing Payload: https://bit.ly/3xZqy8v
2026-04-14 11:38:16,194 - INFO - Analyzing Payload: https://bit.ly/3xZqy8v
2026-04-14 11:38:16,195 - INFO - Analyzing Payload: https://bit.ly/3xZqy8v
2026-04-14 11:38:16,196 - INFO - Analyzing Payload: https://bit.ly/3xZqy8v
2026-04-14 11:38:16,196 - INFO - Analyzing Payload: https://bit.ly/3xZqy8v
2026-04-14 11:38:16,197 - INFO - Analyzing Payload: https://bit.ly/3xZqy8v
2026-04-14 11:38:16,197 - INFO - Analyzing Payload: https://bit.ly/3xZqy8v
2026-04-14 11:38:16,198 - INFO - Analyzing Payload: https://bit.ly/3xZqy8v
2026-04-14 11:38:16,199 - INFO - Analyzing Payload: https://bit.ly/3xZqy8v
2026-04-14 11:38:16,199 - INFO - Analyzing Payload: https://bit.ly/3xZqy8v
2026-04-14 11:38:16,200 - INFO - Analyzing Payload: https://bit.ly/3xZqy8v
2026-04-14 11:38:16,200 - INFO - Analyzing Payload: https://bit.ly/3xZqy8v
2026-04-14 11:38:16,201 - INFO - Analyzing Payload: https://bit.ly/3xZqy8v
2026-04-14 11:38:16,202 - INFO - Analyzing Payload: https://bit.ly/3xZqy8v
2026-04-14 11:38:16,202 - INFO - Analyzing Payload: https://bit.ly/3xZqy8v
2026-04-14 11:38:16,203 - INFO - Analyzing Payload: https://bit.ly/3xZqy8v
2026-04-14 11:38:16,204 - INFO - Analyzing Payload: https://bit.ly/3xZqy8v
2026-04-14 11:38:16,204 - INFO - Analyzing Payload: https://bit.ly/3xZqy8v
2026-04-14 11:38:16,205 - INFO - Analyzing Payload: https://bit.ly/3xZqy8v
2026-04-14 11:38:16,205 - INFO - Analyzing Payload: https://bit.ly/3xZqy8v
2026-04-14 11:38:16,206 - INFO - Analyzing Payload: https://bit.ly/3xZqy8v
2026-04-14 11:38:16,206 - INFO - Analyzing Payload: https://bit.ly/3xZqy8v
2026-04-14 11:38:16,207 - INFO - Analyzing Payload: https://bit.ly/3xZqy8v
2026-04-14 11:38:16,207 - INFO - Analyzing Payload: https://bit.ly/3xZqy8v
2026-04-14 11:38:16,208 - INFO - Analyzing Payload: https://bit.ly/3xZqy8v
2026-04-14 11:38:16,209 - INFO - Analyzing Payload: https://bit.ly/3xZqy8v
2026-04-14 11:38:16,209 - INFO - Analyzing Payload: https://bit.ly/3xZqy8v
2026-04-14 11:38:16,210 - INFO - Analyzing Payload: https://bit.ly/3xZqy8v
2026-04-14 11:38:16,211 - INFO - Analyzing Payload: https://bit.ly/3xZqy8v
2026-04-14 11:47:11,040 - INFO - Successfully loaded config.json
2026-04-14 11:47:11,041 - INFO - Analyzing Payload: https://www.bbc.co.uk
2026-04-14 11:47:11,043 - INFO - Analyzing Payload: https://www.bbc.co.uk
2026-04-14 11:47:11,044 - INFO - Analyzing Payload: https://www.bbc.co.uk
2026-04-14 11:47:11,044 - INFO - Analyzing Payload: https://www.bbc.co.uk
2026-04-14 11:47:11,045 - INFO - Analyzing Payload: https://www.bbc.co.uk
2026-04-14 11:47:11,046 - INFO - Analyzing Payload: https://www.bbc.co.uk
2026-04-14 11:47:11,046 - INFO - Analyzing Payload: https://www.bbc.co.uk
2026-04-14 11:47:11,047 - INFO - Analyzing Payload: https://www.bbc.co.uk
2026-04-14 11:47:11,048 - INFO - Analyzing Payload: https://www.bbc.co.uk
2026-04-14 11:47:11,049 - INFO - Analyzing Payload: https://www.bbc.co.uk
2026-04-14 11:47:11,049 - INFO - Analyzing Payload: https://www.bbc.co.uk
2026-04-14 11:47:11,050 - INFO - Analyzing Payload: https://www.bbc.co.uk
2026-04-14 11:47:11,051 - INFO - Analyzing Payload: https://www.bbc.co.uk
2026-04-14 11:47:11,051 - INFO - Analyzing Payload: https://www.bbc.co.uk
2026-04-14 11:47:11,052 - INFO - Analyzing Payload: https://www.bbc.co.uk
2026-04-14 11:47:11,053 - INFO - Analyzing Payload: https://www.bbc.co.uk
2026-04-14 11:47:11,054 - INFO - Analyzing Payload: https://www.bbc.co.uk
2026-04-14 11:47:11,055 - INFO - Analyzing Payload: https://www.bbc.co.uk
2026-04-14 11:47:11,055 - INFO - Analyzing Payload: https://www.bbc.co.uk
2026-04-14 11:47:11,056 - INFO - Analyzing Payload: https://www.bbc.co.uk
2026-04-14 11:47:11,056 - INFO - Analyzing Payload: https://www.bbc.co.uk
2026-04-14 11:47:11,057 - INFO - Analyzing Payload: https://www.bbc.co.uk
2026-04-14 11:47:11,058 - INFO - Analyzing Payload: https://www.bbc.co.uk
2026-04-14 11:47:11,058 - INFO - Analyzing Payload: https://www.bbc.co.uk
2026-04-14 11:47:11,059 - INFO - Analyzing Payload: https://www.bbc.co.uk
2026-04-14 11:47:11,060 - INFO - Analyzing Payload: https://www.bbc.co.uk
2026-04-14 11:47:11,060 - INFO - Analyzing Payload: https://www.bbc.co.uk
2026-04-14 11:47:11,061 - INFO - Analyzing Payload: https://www.bbc.co.uk
2026-04-14 11:47:11,061 - INFO - Analyzing Payload: https://www.bbc.co.uk
2026-04-14 11:47:11,062 - INFO - Analyzing Payload: https://www.bbc.co.uk
2026-04-14 11:47:11,063 - INFO - Analyzing Payload: https://www.bbc.co.uk
2026-04-14 11:47:11,063 - INFO - Analyzing Payload: https://www.secure-login.com/x8f92j3b9a8f7d6c5e4f3a2b1c0d9e8f7a6b5c4d3
2026-04-14 11:47:11,064 - INFO - Analyzing Payload: https://www.secure-login.com/x8f92j3b9a8f7d6c5e4f3a2b1c0d9e8f7a6b5c4d3
2026-04-14 11:47:11,065 - INFO - Analyzing Payload: https://www.secure-login.com/x8f92j3b9a8f7d6c5e4f3a2b1c0d9e8f7a6b5c4d3
2026-04-14 11:47:11,065 - INFO - Analyzing Payload: https://www.secure-login.com/x8f92j3b9a8f7d6c5e4f3a2b1c0d9e8f7a6b5c4d3
2026-04-14 11:47:11,066 - INFO - Analyzing Payload: https://www.secure-login.com/x8f92j3b9a8f7d6c5e4f3a2b1c0d9e8f7a6b5c4d3
2026-04-14 11:47:11,066 - INFO - Analyzing Payload: https://www.secure-login.com/x8f92j3b9a8f7d6c5e4f3a2b1c0d9e8f7a6b5c4d3
2026-04-14 11:47:11,067 - INFO - Analyzing Payload: https://www.secure-login.com/x8f92j3b9a8f7d6c5e4f3a2b1c0d9e8f7a6b5c4d3
2026-04-14 11:47:11,068 - INFO - Analyzing Payload: https://www.secure-login.com/x8f92j3b9a8f7d6c5e4f3a2b1c0d9e8f7a6b5c4d3
2026-04-14 11:47:11,068 - INFO - Analyzing Payload: https://www.secure-login.com/x8f92j3b9a8f7d6c5e4f3a2b1c0d9e8f7a6b5c4d3
2026-04-14 11:47:11,069 - INFO - Analyzing Payload: https://www.secure-login.com/x8f92j3b9a8f7d6c5e4f3a2b1c0d9e8f7a6b5c4d3
2026-04-14 11:47:11,069 - INFO - Analyzing Payload: https://www.secure-login.com/x8f92j3b9a8f7d6c5e4f3a2b1c0d9e8f7a6b5c4d3
2026-04-14 11:47:11,070 - INFO - Analyzing Payload: https://www.secure-login.com/x8f92j3b9a8f7d6c5e4f3a2b1c0d9e8f7a6b5c4d3
2026-04-14 11:47:11,070 - INFO - Analyzing Payload: https://www.secure-login.com/x8f92j3b9a8f7d6c5e4f3a2b1c0d9e8f7a6b5c4d3
2026-04-14 11:47:11,071 - INFO - Analyzing Payload: https://www.secure-login.com/x8f92j3b9a8f7d6c5e4f3a2b1c0d9e8f7a6b5c4d3
2026-04-14 11:47:11,072 - INFO - Analyzing Payload: https://www.secure-login.com/x8f92j3b9a8f7d6c5e4f3a2b1c0d9e8f7a6b5c4d3
2026-04-14 11:47:11,072 - INFO - Analyzing Payload: https://www.secure-login.com/x8f92j3b9a8f7d6c5e4f3a2b1c0d9e8f7a6b5c4d3
2026-04-14 11:47:11,073 - INFO - Analyzing Payload: https://www.secure-login.com/x8f92j3b9a8f7d6c5e4f3a2b1c0d9e8f7a6b5c4d3
2026-04-14 11:47:11,074 - INFO - Analyzing Payload: https://www.secure-login.com/x8f92j3b9a8f7d6c5e4f3a2b1c0d9e8f7a6b5c4d3
2026-04-14 11:47:11,074 - INFO - Analyzing Payload: https://www.secure-login.com/x8f92j3b9a8f7d6c5e4f3a2b1c0d9e8f7a6b5c4d3
2026-04-14 11:47:11,075 - INFO - Analyzing Payload: https://www.secure-login.com/x8f92j3b9a8f7d6c5e4f3a2b1c0d9e8f7a6b5c4d3
2026-04-14 11:47:11,075 - INFO - Analyzing Payload: https://www.secure-login.com/x8f92j3b9a8f7d6c5e4f3a2b1c0d9e8f7a6b5c4d3
2026-04-14 11:47:11,076 - INFO - Analyzing Payload: https://www.secure-login.com/x8f92j3b9a8f7d6c5e4f3a2b1c0d9e8f7a6b5c4d3
2026-04-14 11:47:11,076 - INFO - Analyzing Payload: https://www.secure-login.com/x8f92j3b9a8f7d6c5e4f3a2b1c0d9e8f7a6b5c4d3
2026-04-14 11:47:11,077 - INFO - Analyzing Payload: https://www.secure-login.com/x8f92j3b9a8f7d6c5e4f3a2b1c0d9e8f7a6b5c4d3
2026-04-14 11:47:11,078 - INFO - Analyzing Payload: https://www.secure-login.com/x8f92j3b9a8f7d6c5e4f3a2b1c0d9e8f7a6b5c4d3
2026-04-14 11:47:11,078 - INFO - Analyzing Payload: https://www.secure-login.com/x8f92j3b9a8f7d6c5e4f3a2b1c0d9e8f7a6b5c4d3
2026-04-14 11:47:11,079 - INFO - Analyzing Payload: https://www.secure-login.com/x8f92j3b9a8f7d6c5e4f3a2b1c0d9e8f7a6b5c4d3
2026-04-14 11:47:11,080 - INFO - Analyzing Payload: https://www.secure-login.com/x8f92j3b9a8f7d6c5e4f3a2b1c0d9e8f7a6b5c4d3
2026-04-14 11:47:11,080 - INFO - Analyzing Payload: https://www.secure-login.com/x8f92j3b9a8f7d6c5e4f3a2b1c0d9e8f7a6b5c4d3
2026-04-14 11:47:11,081 - INFO - Analyzing Payload: https://www.secure-login.com/x8f92j3b9a8f7d6c5e4f3a2b1c0d9e8f7a6b5c4d3
2026-04-14 11:47:11,082 - INFO - Analyzing Payload: https://www.secure-login.com/x8f92j3b9a8f7d6c5e4f3a2b1c0d9e8f7a6b5c4d3
2026-04-14 11:47:11,082 - INFO - Analyzing Payload: https://bit.ly/3xZqy8v
2026-04-14 11:47:11,083 - INFO - Analyzing Payload: https://bit.ly/3xZqy8v
2026-04-14 11:47:11,083 - INFO - Analyzing Payload: https://bit.ly/3xZqy8v
2026-04-14 11:47:11,084 - INFO - Analyzing Payload: https://bit.ly/3xZqy8v
2026-04-14 11:47:11,085 - INFO - Analyzing Payload: https://bit.ly/3xZqy8v
2026-04-14 11:47:11,085 - INFO - Analyzing Payload: https://bit.ly/3xZqy8v
2026-04-14 11:47:11,086 - INFO - Analyzing Payload: https://bit.ly/3xZqy8v
2026-04-14 11:47:11,086 - INFO - Analyzing Payload: https://bit.ly/3xZqy8v
2026-04-14 11:47:11,087 - INFO - Analyzing Payload: https://bit.ly/3xZqy8v
2026-04-14 11:47:11,087 - INFO - Analyzing Payload: https://bit.ly/3xZqy8v
2026-04-14 11:47:11,088 - INFO - Analyzing Payload: https://bit.ly/3xZqy8v
2026-04-14 11:47:11,088 - INFO - Analyzing Payload: https://bit.ly/3xZqy8v
2026-04-14 11:47:11,089 - INFO - Analyzing Payload: https://bit.ly/3xZqy8v
2026-04-14 11:47:11,091 - INFO - Analyzing Payload: https://bit.ly/3xZqy8v
2026-04-14 11:47:11,092 - INFO - Analyzing Payload: https://bit.ly/3xZqy8v
2026-04-14 11:47:11,093 - INFO - Analyzing Payload: https://bit.ly/3xZqy8v
2026-04-14 11:47:11,094 - INFO - Analyzing Payload: https://bit.ly/3xZqy8v
2026-04-14 11:47:11,095 - INFO - Analyzing Payload: https://bit.ly/3xZqy8v
2026-04-14 11:47:11,096 - INFO - Analyzing Payload: https://bit.ly/3xZqy8v
2026-04-14 11:47:11,097 - INFO - Analyzing Payload: https://bit.ly/3xZqy8v
2026-04-14 11:47:11,098 - INFO - Analyzing Payload: https://bit.ly/3xZqy8v
2026-04-14 11:47:11,099 - INFO - Analyzing Payload: https://bit.ly/3xZqy8v
2026-04-14 11:47:11,100 - INFO - Analyzing Payload: https://bit.ly/3xZqy8v
2026-04-14 11:47:11,101 - INFO - Analyzing Payload: https://bit.ly/3xZqy8v
2026-04-14 11:47:11,102 - INFO - Analyzing Payload: https://bit.ly/3xZqy8v
2026-04-14 11:47:11,103 - INFO - Analyzing Payload: https://bit.ly/3xZqy8v
2026-04-14 11:47:11,104 - INFO - Analyzing Payload: https://bit.ly/3xZqy8v
2026-04-14 11:47:11,105 - INFO - Analyzing Payload: https://bit.ly/3xZqy8v
2026-04-14 11:47:11,106 - INFO - Analyzing Payload: https://bit.ly/3xZqy8v
2026-04-14 11:47:11,107 - INFO - Analyzing Payload: https://bit.ly/3xZqy8v
2026-04-14 11:47:11,107 - INFO - Analyzing Payload: https://bit.ly/3xZqy8v
2026-04-14 11:48:38,220 - INFO - Successfully loaded config.json
